This file contains any messages produced by compilers while
running configure, to aid debugging if configure makes a mistake.

configure:557: checking for a BSD compatible install
configure:610: checking whether build environment is sane
configure:667: checking whether make sets ${MAKE}
configure:713: checking for working aclocal
configure:726: checking for working autoconf
configure:739: checking for working automake
configure:752: checking for working autoheader
configure:765: checking for working makeinfo
configure:782: checking for gcc
configure:895: checking whether the C compiler (gcc  ) works
configure:911: gcc -o conftest    conftest.c  1>&5
configure:908:1: warning: return type defaults to 'int' [-Wimplicit-int]
 main(){return(0);}
 ^
configure:937: checking whether the C compiler (gcc  ) is a cross-compiler
configure:942: checking whether we are using GNU C
configure:951: gcc -E conftest.c
configure:970: checking whether gcc accepts -g
configure:1002: checking whether make sets ${MAKE}
configure:1035: checking for gethostname in -lnsl
configure:1054: gcc -o conftest -g -O2 -Wall   conftest.c -lnsl   1>&5
configure:1082: checking for socket in -lsocket
configure:1101: gcc -o conftest -g -O2 -Wall   conftest.c -lsocket  -lnsl  1>&5
/usr/bin/ld: cannot find -lsocket
collect2: error: ld returned 1 exit status
configure: failed program was:
#line 1090 "configure"
#include "confdefs.h"
/* Override any gcc2 internal prototype to avoid an error.  */
/* We use char because int might match the return type of a gcc2
    builtin and then its argument prototype would still apply.  */
char socket();

int main() {
socket()
; return 0; }
configure:1130: checking how to run the C preprocessor
configure:1151: gcc -E  conftest.c >/dev/null 2>conftest.out
configure:1210: checking for ANSI C header files
configure:1223: gcc -E  conftest.c >/dev/null 2>conftest.out
configure:1290: gcc -o conftest -g -O2 -Wall   conftest.c -lnsl  1>&5
configure: In function 'main':
configure:1285:67: warning: implicit declaration of function 'exit' [-Wimplicit-function-declaration]
 if (XOR (islower (i), ISLOWER (i)) || toupper (i) != TOUPPER (i)) exit(2);
                                                                   ^
configure:1285:67: warning: incompatible implicit declaration of built-in function 'exit'
configure:1285:67: note: include '<stdlib.h>' or provide a declaration of 'exit'
configure:1286:1: warning: incompatible implicit declaration of built-in function 'exit'
 exit (0); }
 ^
configure:1286:1: note: include '<stdlib.h>' or provide a declaration of 'exit'
configure:1317: checking for fcntl.h
configure:1327: gcc -E  conftest.c >/dev/null 2>conftest.out
configure:1317: checking for sys/time.h
configure:1327: gcc -E  conftest.c >/dev/null 2>conftest.out
configure:1317: checking for unistd.h
configure:1327: gcc -E  conftest.c >/dev/null 2>conftest.out
configure:1355: checking size of short
configure:1374: gcc -o conftest -g -O2 -Wall   conftest.c -lnsl  1>&5
configure:1365:1: warning: return type defaults to 'int' [-Wimplicit-int]
 main()
 ^
configure: In function 'main':
configure:1368:11: warning: implicit declaration of function 'exit' [-Wimplicit-function-declaration]
   if (!f) exit(1);
           ^
configure:1368:11: warning: incompatible implicit declaration of built-in function 'exit'
configure:1368:11: note: include '<stdlib.h>' or provide a declaration of 'exit'
configure:1369:14: warning: format '%d' expects argument of type 'int', but argument 3 has type 'long unsigned int' [-Wformat=]
   fprintf(f, "%d\n", sizeof(short));
              ^
configure:1370:3: warning: incompatible implicit declaration of built-in function 'exit'
   exit(0);
   ^
configure:1370:3: note: include '<stdlib.h>' or provide a declaration of 'exit'
configure:1397: checking for select
configure:1425: gcc -o conftest -g -O2 -Wall   conftest.c -lnsl  1>&5
configure:1397: checking for socket
configure:1425: gcc -o conftest -g -O2 -Wall   conftest.c -lnsl  1>&5
configure:1397: checking for strtol
configure:1425: gcc -o conftest -g -O2 -Wall   conftest.c -lnsl  1>&5
